[2023-12-09 04:33:33,467: INFO/MainProcess] Connected to redis://redis:6379/0
[2023-12-09 04:33:33,473: INFO/MainProcess] mingle: searching for neighbors
[2023-12-09 04:33:34,487: INFO/MainProcess] mingle: all alone
[2023-12-09 04:33:34,512: INFO/MainProcess] celery@8bd09f7bca39 ready.
[2023-12-09 04:33:38,122: INFO/MainProcess] Events of group {task} enabled by remote.
[2023-12-09 04:34:21,977: INFO/MainProcess] Task create_task[83afd8c5-af80-4689-a195-3743e03ad845] received
[2023-12-09 04:34:31,992: INFO/ForkPoolWorker-1] Task create_task[83afd8c5-af80-4689-a195-3743e03ad845] succeeded in 10.007716399999481s: {'task_type': 1, 'sleep': 10}
[2023-12-09 09:14:48,670: INFO/MainProcess] Connected to redis://redis:6379/0
[2023-12-09 09:14:48,676: INFO/MainProcess] mingle: searching for neighbors
[2023-12-09 09:14:49,690: INFO/MainProcess] mingle: all alone
[2023-12-09 09:14:49,707: INFO/MainProcess] celery@72324e9c8024 ready.
[2023-12-09 09:14:53,662: INFO/MainProcess] Events of group {task} enabled by remote.
[2023-12-09 09:15:09,413: INFO/MainProcess] Task create_task[b3dc2834-c94c-4f0e-9550-686b854e29ed] received
[2023-12-09 09:15:19,436: INFO/ForkPoolWorker-1] Task create_task[b3dc2834-c94c-4f0e-9550-686b854e29ed] succeeded in 10.01338439999995s: {'task_type': 1, 'sleep': 10}
[2023-12-09 11:47:59,933: INFO/MainProcess] Connected to redis://redis:6379/0
[2023-12-09 11:47:59,952: INFO/MainProcess] mingle: searching for neighbors
[2023-12-09 11:48:00,971: INFO/MainProcess] mingle: all alone
[2023-12-09 11:48:00,983: INFO/MainProcess] celery@fab98ba3c7d5 ready.
[2023-12-09 11:48:05,844: INFO/MainProcess] Events of group {task} enabled by remote.
[2023-12-09 11:49:24,288: INFO/MainProcess] Task create_task[8c257c3a-e6ee-475f-8528-b30267a638eb] received
[2023-12-09 11:49:29,301: INFO/ForkPoolWorker-1] Task create_task[8c257c3a-e6ee-475f-8528-b30267a638eb] succeeded in 5.009639100000641s: {'task_id': '87d76368-3242-470b-8a59-97d6149d11de', 'task_status': 'SUCCESS', 'task_type': 1, 'task_result': 5}
[2023-12-09 12:00:33,401: INFO/MainProcess] Task create_task[23f2a9c2-a97e-4623-b01d-62836fc017b3] received
[2023-12-09 12:00:41,420: INFO/ForkPoolWorker-1] Task create_task[23f2a9c2-a97e-4623-b01d-62836fc017b3] succeeded in 8.013449600000968s: {'task_id': '23f2a9c2-a97e-4623-b01d-62836fc017b3', 'task_status': 'SUCCESS', 'task_type': 1, 'task_result': 8}
[2023-12-09 12:08:59,647: INFO/MainProcess] Task create_task[305a592c-6608-4ce0-aa6a-457f3ada5cf6] received
[2023-12-09 12:08:59,652: ERROR/ForkPoolWorker-1] Task create_task[305a592c-6608-4ce0-aa6a-457f3ada5cf6] raised unexpected: TypeError("create_task() missing 1 required positional argument: 'task_id'")
Traceback (most recent call last):
  File "/usr/local/lib/python3.9/site-packages/celery/app/trace.py", line 451, in trace_task
    R = retval = fun(*args, **kwargs)
  File "/usr/local/lib/python3.9/site-packages/celery/app/trace.py", line 734, in __protected_call__
    return self.run(*args, **kwargs)
TypeError: create_task() missing 1 required positional argument: 'task_id'
[2023-12-09 12:09:00,616: INFO/MainProcess] Task create_task[58c13ce4-0dd6-476d-87b5-a91a29d62fe1] received
[2023-12-09 12:09:00,621: ERROR/ForkPoolWorker-1] Task create_task[58c13ce4-0dd6-476d-87b5-a91a29d62fe1] raised unexpected: TypeError("create_task() missing 1 required positional argument: 'task_id'")
Traceback (most recent call last):
  File "/usr/local/lib/python3.9/site-packages/celery/app/trace.py", line 451, in trace_task
    R = retval = fun(*args, **kwargs)
  File "/usr/local/lib/python3.9/site-packages/celery/app/trace.py", line 734, in __protected_call__
    return self.run(*args, **kwargs)
TypeError: create_task() missing 1 required positional argument: 'task_id'
[2023-12-09 12:24:33,194: WARNING/MainProcess] /usr/local/lib/python3.9/site-packages/celery/worker/consumer/consumer.py:507: CPendingDeprecationWarning: The broker_connection_retry configuration setting will no longer determine
whether broker connection retries are made during startup in Celery 6.0 and above.
If you wish to retain the existing behavior for retrying connections on startup,
you should set broker_connection_retry_on_startup to True.
  warnings.warn(

[2023-12-09 12:24:33,412: INFO/MainProcess] Connected to redis://redis:6379/0
[2023-12-09 12:24:33,414: WARNING/MainProcess] /usr/local/lib/python3.9/site-packages/celery/worker/consumer/consumer.py:507: CPendingDeprecationWarning: The broker_connection_retry configuration setting will no longer determine
whether broker connection retries are made during startup in Celery 6.0 and above.
If you wish to retain the existing behavior for retrying connections on startup,
you should set broker_connection_retry_on_startup to True.
  warnings.warn(

[2023-12-09 12:24:33,418: INFO/MainProcess] mingle: searching for neighbors
[2023-12-09 12:24:34,438: INFO/MainProcess] mingle: all alone
[2023-12-09 12:24:34,460: INFO/MainProcess] celery@b47c660fc69d ready.
[2023-12-09 12:24:38,938: INFO/MainProcess] Events of group {task} enabled by remote.
[2023-12-09 12:25:38,714: INFO/MainProcess] Task create_task[42f92705-f09d-459f-b800-ca8ff13eb091] received
[2023-12-09 12:25:43,732: INFO/ForkPoolWorker-1] Task create_task[42f92705-f09d-459f-b800-ca8ff13eb091] succeeded in 5.015389899999718s: {'task_id': '42f92705-f09d-459f-b800-ca8ff13eb091', 'task_status': 'SUCCESS', 'task_type': 1, 'task_result': 5}
[2023-12-09 12:25:55,439: INFO/MainProcess] Task create_task[5fd84b81-3a4c-4e3e-acab-2626748fbe37] received
[2023-12-09 12:25:55,969: INFO/MainProcess] Task create_task[8b074f6f-7dd3-432d-84f0-7fbaf81f41bd] received
[2023-12-09 12:26:10,460: INFO/ForkPoolWorker-1] Task create_task[5fd84b81-3a4c-4e3e-acab-2626748fbe37] succeeded in 15.016949799999566s: {'task_id': '5fd84b81-3a4c-4e3e-acab-2626748fbe37', 'task_status': 'SUCCESS', 'task_type': 3, 'task_result': 15}
[2023-12-09 12:26:10,985: INFO/ForkPoolWorker-3] Task create_task[8b074f6f-7dd3-432d-84f0-7fbaf81f41bd] succeeded in 15.012352400000964s: {'task_id': '8b074f6f-7dd3-432d-84f0-7fbaf81f41bd', 'task_status': 'SUCCESS', 'task_type': 3, 'task_result': 15}
[2023-12-09 13:57:56,530: WARNING/MainProcess] /usr/local/lib/python3.9/site-packages/celery/worker/consumer/consumer.py:507: CPendingDeprecationWarning: The broker_connection_retry configuration setting will no longer determine
whether broker connection retries are made during startup in Celery 6.0 and above.
If you wish to retain the existing behavior for retrying connections on startup,
you should set broker_connection_retry_on_startup to True.
  warnings.warn(

[2023-12-09 13:57:56,581: INFO/MainProcess] Connected to redis://redis:6379/0
[2023-12-09 13:57:56,585: WARNING/MainProcess] /usr/local/lib/python3.9/site-packages/celery/worker/consumer/consumer.py:507: CPendingDeprecationWarning: The broker_connection_retry configuration setting will no longer determine
whether broker connection retries are made during startup in Celery 6.0 and above.
If you wish to retain the existing behavior for retrying connections on startup,
you should set broker_connection_retry_on_startup to True.
  warnings.warn(

[2023-12-09 13:57:56,607: INFO/MainProcess] mingle: searching for neighbors
[2023-12-09 13:57:57,625: INFO/MainProcess] mingle: all alone
[2023-12-09 13:57:57,649: INFO/MainProcess] celery@0e9dbfd291e7 ready.
[2023-12-09 13:58:02,231: INFO/MainProcess] Events of group {task} enabled by remote.
[2023-12-09 14:11:03,934: WARNING/MainProcess] /usr/local/lib/python3.9/site-packages/celery/worker/consumer/consumer.py:507: CPendingDeprecationWarning: The broker_connection_retry configuration setting will no longer determine
whether broker connection retries are made during startup in Celery 6.0 and above.
If you wish to retain the existing behavior for retrying connections on startup,
you should set broker_connection_retry_on_startup to True.
  warnings.warn(

[2023-12-09 14:11:03,984: INFO/MainProcess] Connected to redis://redis:6379/0
[2023-12-09 14:11:03,992: WARNING/MainProcess] /usr/local/lib/python3.9/site-packages/celery/worker/consumer/consumer.py:507: CPendingDeprecationWarning: The broker_connection_retry configuration setting will no longer determine
whether broker connection retries are made during startup in Celery 6.0 and above.
If you wish to retain the existing behavior for retrying connections on startup,
you should set broker_connection_retry_on_startup to True.
  warnings.warn(

[2023-12-09 14:11:03,996: INFO/MainProcess] mingle: searching for neighbors
[2023-12-09 14:11:05,022: INFO/MainProcess] mingle: all alone
[2023-12-09 14:11:05,072: INFO/MainProcess] celery@5173632cc39c ready.
[2023-12-09 14:11:10,658: INFO/MainProcess] Events of group {task} enabled by remote.
[2023-12-09 14:12:00,788: INFO/MainProcess] Task create_task[62c1f45b-ce87-4023-a1f3-ac7286833df9] received
[2023-12-09 14:12:10,535: INFO/ForkPoolWorker-1] Task create_task[62c1f45b-ce87-4023-a1f3-ac7286833df9] succeeded in 9.67882230000032s: {'task_id': '62c1f45b-ce87-4023-a1f3-ac7286833df9', 'task_status': 'SUCCESS', 'multiplier': 1, 'sleep_time': 9, 'task_result': 'http://127.0.0.1:9000/fastapi-celery/2023-12-09/62c1f45b-ce87-4023-a1f3-ac7286833df9.json'}
[2023-12-09 14:27:10,550: INFO/MainProcess] Task create_task[694b8d20-01ef-4902-a44d-1ac4d372bc07] received
[2023-12-09 14:27:11,686: INFO/MainProcess] Task create_task[69491dfc-5724-43c6-8b5d-e186ca89bcd5] received
[2023-12-09 14:27:13,175: INFO/MainProcess] Task create_task[e176f593-b3cf-4552-a3ae-8d7c5fff213e] received
[2023-12-09 14:27:28,652: INFO/ForkPoolWorker-1] Task create_task[694b8d20-01ef-4902-a44d-1ac4d372bc07] succeeded in 18.098600099998293s: {'task_id': '694b8d20-01ef-4902-a44d-1ac4d372bc07', 'task_status': 'SUCCESS', 'multiplier': 3, 'sleep_time': 18, 'task_result': 'http://127.0.0.1:9000/fastapi-celery/2023-12-09/694b8d20-01ef-4902-a44d-1ac4d372bc07.json'}
[2023-12-09 14:27:36,726: INFO/ForkPoolWorker-1] Task create_task[69491dfc-5724-43c6-8b5d-e186ca89bcd5] succeeded in 8.07088990000193s: {'task_id': '69491dfc-5724-43c6-8b5d-e186ca89bcd5', 'task_status': 'SUCCESS', 'multiplier': 1, 'sleep_time': 8, 'task_result': 'http://127.0.0.1:9000/fastapi-celery/2023-12-09/69491dfc-5724-43c6-8b5d-e186ca89bcd5.json'}
[2023-12-09 14:27:52,823: INFO/ForkPoolWorker-1] Task create_task[e176f593-b3cf-4552-a3ae-8d7c5fff213e] succeeded in 16.09441930000321s: {'task_id': 'e176f593-b3cf-4552-a3ae-8d7c5fff213e', 'task_status': 'SUCCESS', 'multiplier': 2, 'sleep_time': 16, 'task_result': 'http://127.0.0.1:9000/fastapi-celery/2023-12-09/e176f593-b3cf-4552-a3ae-8d7c5fff213e.json'}
[2023-12-09 14:34:52,742: WARNING/MainProcess] /usr/local/lib/python3.9/site-packages/celery/worker/consumer/consumer.py:507: CPendingDeprecationWarning: The broker_connection_retry configuration setting will no longer determine
whether broker connection retries are made during startup in Celery 6.0 and above.
If you wish to retain the existing behavior for retrying connections on startup,
you should set broker_connection_retry_on_startup to True.
  warnings.warn(

[2023-12-09 14:34:52,762: INFO/MainProcess] Connected to redis://redis:6379/0
[2023-12-09 14:34:52,763: WARNING/MainProcess] /usr/local/lib/python3.9/site-packages/celery/worker/consumer/consumer.py:507: CPendingDeprecationWarning: The broker_connection_retry configuration setting will no longer determine
whether broker connection retries are made during startup in Celery 6.0 and above.
If you wish to retain the existing behavior for retrying connections on startup,
you should set broker_connection_retry_on_startup to True.
  warnings.warn(

[2023-12-09 14:34:52,768: INFO/MainProcess] mingle: searching for neighbors
[2023-12-09 14:34:53,783: INFO/MainProcess] mingle: all alone
[2023-12-09 14:34:53,806: INFO/MainProcess] celery@5173632cc39c ready.
[2023-12-09 14:34:56,782: INFO/MainProcess] Events of group {task} enabled by remote.
[2023-12-09 14:35:02,913: INFO/MainProcess] Task create_task[50ac5f79-daa5-4560-aadd-7a12760bfa5b] received
[2023-12-09 14:35:10,004: INFO/ForkPoolWorker-1] Task create_task[50ac5f79-daa5-4560-aadd-7a12760bfa5b] succeeded in 7.0881158000011055s: {'task_id': '50ac5f79-daa5-4560-aadd-7a12760bfa5b', 'task_status': 'SUCCESS', 'multiplier': 1, 'sleep_time': 7, 'task_result': 'http://127.0.0.1:9000/fastapi-celery/2023-12-09/50ac5f79-daa5-4560-aadd-7a12760bfa5b.json'}
[2023-12-09 14:35:41,993: INFO/MainProcess] Task create_task[a720acc0-c374-465b-91d8-b1ce79581aca] received
[2023-12-09 14:35:47,097: INFO/ForkPoolWorker-1] Task create_task[a720acc0-c374-465b-91d8-b1ce79581aca] succeeded in 5.099332999998296s: {'task_id': 'a720acc0-c374-465b-91d8-b1ce79581aca', 'task_status': 'SUCCESS', 'multiplier': 1, 'sleep_time': 5, 'task_result': 'http://127.0.0.1:9000/fastapi-celery/2023-12-09/a720acc0-c374-465b-91d8-b1ce79581aca.json'}
